2017-02-03 10:55:54 [127.0.0.1][-][ft8kkmrjakic9864c9n6mfmkf0][error][yii\web\HttpException:404] exception 'yii\base\InvalidRouteException' with message 'Unable to resolve the request: site/register' in /srv/Sites/news/app/vendor/yiisoft/yii2/base/Controller.php:127
Stack trace:
#0 /srv/Sites/news/app/vendor/yiisoft/yii2/base/Module.php(523): yii\base\Controller->runAction('register', Array)
#1 /srv/Sites/news/app/vendor/yiisoft/yii2/web/Application.php(102): yii\base\Module->runAction('site/register', Array)
#2 /srv/Sites/news/app/vendor/yiisoft/yii2/base/Application.php(380): yii\web\Application->handleRequest(Object(yii\web\Request))
#3 /srv/Sites/news/app/www/index.php(12): yii\base\Application->run()
#4 {main}

Next exception 'yii\web\NotFoundHttpException' with message 'Страница не найдена.' in /srv/Sites/news/app/vendor/yiisoft/yii2/web/Application.php:114
Stack trace:
#0 /srv/Sites/news/app/vendor/yiisoft/yii2/base/Application.php(380): yii\web\Application->handleRequest(Object(yii\web\Request))
#1 /srv/Sites/news/app/www/index.php(12): yii\base\Application->run()
#2 {main}
2017-02-03 10:55:54 [127.0.0.1][-][ft8kkmrjakic9864c9n6mfmkf0][info][application] $_GET = [
    'r' => 'site/register'
]

$_COOKIE = [
    '_csrf' => '5f81910807db01bda02b48c6d2c288090551bea575cf6f49f1dd00b5ff11f98fa:2:{i:0;s:5:\"_csrf\";i:1;s:32:\"JCHpY44UORWf1AgT8z20BcqjBBw6P82p\";}'
    'SID' => 'ft8kkmrjakic9864c9n6mfmkf0'
]

$_SESSION = [
    '__flash' => []
    '__captcha/site/captcha' => 'ruvasol'
    '__captcha/site/captchacount' => 1
]

$_SERVER = [
    'HTTP_HOST' => 'news'
    'HTTP_USER_AGENT' => 'Mozilla/5.0 (X11; Linux i686; rv:45.0) Gecko/20100101 Firefox/45.0'
    'HTTP_ACCEPT' => 'text/html,application/xhtml+xml,application/xml;q=0.9,*/*;q=0.8'
    'HTTP_ACCEPT_LANGUAGE' => 'ru,en;q=0.7,uk;q=0.3'
    'HTTP_ACCEPT_ENCODING' => 'gzip, deflate'
    'HTTP_DNT' => '1'
    'HTTP_REFERER' => 'http://news/index.php?r=site%2Findex'
    'HTTP_COOKIE' => '_csrf=5f81910807db01bda02b48c6d2c288090551bea575cf6f49f1dd00b5ff11f98fa%3A2%3A%7Bi%3A0%3Bs%3A5%3A%22_csrf%22%3Bi%3A1%3Bs%3A32%3A%22JCHpY44UORWf1AgT8z20BcqjBBw6P82p%22%3B%7D; SID=ft8kkmrjakic9864c9n6mfmkf0'
    'HTTP_CONNECTION' => 'keep-alive'
    'PATH' => '/usr/local/sbin:/usr/local/bin:/usr/sbin:/usr/bin:/sbin:/bin'
    'SERVER_SIGNATURE' => ''
    'SERVER_SOFTWARE' => 'Apache'
    'SERVER_NAME' => 'news'
    'SERVER_ADDR' => '127.0.0.1'
    'SERVER_PORT' => '80'
    'REMOTE_ADDR' => '127.0.0.1'
    'DOCUMENT_ROOT' => '/srv/Sites/news/app/www'
    'REQUEST_SCHEME' => 'http'
    'CONTEXT_PREFIX' => ''
    'CONTEXT_DOCUMENT_ROOT' => '/srv/Sites/news/app/www'
    'SERVER_ADMIN' => 'webmaster@localhost'
    'SCRIPT_FILENAME' => '/srv/Sites/news/app/www/index.php'
    'REMOTE_PORT' => '44116'
    'GATEWAY_INTERFACE' => 'CGI/1.1'
    'SERVER_PROTOCOL' => 'HTTP/1.1'
    'REQUEST_METHOD' => 'GET'
    'QUERY_STRING' => 'r=site%2Fregister'
    'REQUEST_URI' => '/index.php?r=site%2Fregister'
    'SCRIPT_NAME' => '/index.php'
    'PHP_SELF' => '/index.php'
    'REQUEST_TIME_FLOAT' => 1486119354.18
    'REQUEST_TIME' => 1486119354
]
2017-02-03 10:56:03 [127.0.0.1][101][et3hsdeb08u22j6aeh67q75so2][error][yii\base\InvalidConfigException] exception 'yii\base\InvalidConfigException' with message 'The 'label' option is required.' in /srv/Sites/news/app/vendor/yiisoft/yii2-bootstrap/Nav.php:165
Stack trace:
#0 /srv/Sites/news/app/vendor/yiisoft/yii2-bootstrap/Nav.php(147): yii\bootstrap\Nav->renderItem(NULL)
#1 /srv/Sites/news/app/vendor/yiisoft/yii2-bootstrap/Nav.php(134): yii\bootstrap\Nav->renderItems()
#2 /srv/Sites/news/app/vendor/yiisoft/yii2/base/Widget.php(139): yii\bootstrap\Nav->run()
#3 /srv/Sites/news/app/views/layouts/main.php(54): yii\base\Widget::widget(Array)
#4 /srv/Sites/news/app/vendor/yiisoft/yii2/base/View.php(328): require('/srv/Sites/news...')
#5 /srv/Sites/news/app/vendor/yiisoft/yii2/base/View.php(250): yii\base\View->renderPhpFile('/srv/Sites/news...', Array)
#6 /srv/Sites/news/app/vendor/yiisoft/yii2/base/Controller.php(396): yii\base\View->renderFile('/srv/Sites/news...', Array, Object(app\controllers\SiteController))
#7 /srv/Sites/news/app/vendor/yiisoft/yii2/base/Controller.php(382): yii\base\Controller->renderContent('<div class="sit...')
#8 /srv/Sites/news/app/controllers/SiteController.php(60): yii\base\Controller->render('index')
#9 [internal function]: app\controllers\SiteController->actionIndex()
#10 /srv/Sites/news/app/vendor/yiisoft/yii2/base/InlineAction.php(57): call_user_func_array(Array, Array)
#11 /srv/Sites/news/app/vendor/yiisoft/yii2/base/Controller.php(156): yii\base\InlineAction->runWithParams(Array)
#12 /srv/Sites/news/app/vendor/yiisoft/yii2/base/Module.php(523): yii\base\Controller->runAction('', Array)
#13 /srv/Sites/news/app/vendor/yiisoft/yii2/web/Application.php(102): yii\base\Module->runAction('', Array)
#14 /srv/Sites/news/app/vendor/yiisoft/yii2/base/Application.php(380): yii\web\Application->handleRequest(Object(yii\web\Request))
#15 /srv/Sites/news/app/www/index.php(12): yii\base\Application->run()
#16 {main}
2017-02-03 10:56:03 [127.0.0.1][101][et3hsdeb08u22j6aeh67q75so2][info][application] $_COOKIE = [
    '_csrf' => '5f81910807db01bda02b48c6d2c288090551bea575cf6f49f1dd00b5ff11f98fa:2:{i:0;s:5:\"_csrf\";i:1;s:32:\"JCHpY44UORWf1AgT8z20BcqjBBw6P82p\";}'
    'SID' => 'et3hsdeb08u22j6aeh67q75so2'
    '_identity' => '254c203a55431e8644a388679100c78f5b45c0602b9fae84a6326fdb7a28f5f6a:2:{i:0;s:9:\"_identity\";i:1;s:28:\"[\"101\",\"test101key\",2592000]\";}'
]

$_SESSION = [
    '__flash' => []
    '__captcha/site/captcha' => 'ruvasol'
    '__captcha/site/captchacount' => 1
    '__id' => '101'
]

$_SERVER = [
    'HTTP_HOST' => 'news'
    'HTTP_USER_AGENT' => 'Mozilla/5.0 (X11; Linux i686; rv:45.0) Gecko/20100101 Firefox/45.0'
    'HTTP_ACCEPT' => 'text/html,application/xhtml+xml,application/xml;q=0.9,*/*;q=0.8'
    'HTTP_ACCEPT_LANGUAGE' => 'ru,en;q=0.7,uk;q=0.3'
    'HTTP_ACCEPT_ENCODING' => 'gzip, deflate'
    'HTTP_DNT' => '1'
    'HTTP_REFERER' => 'http://news/index.php?r=site%2Flogin'
    'HTTP_COOKIE' => '_csrf=5f81910807db01bda02b48c6d2c288090551bea575cf6f49f1dd00b5ff11f98fa%3A2%3A%7Bi%3A0%3Bs%3A5%3A%22_csrf%22%3Bi%3A1%3Bs%3A32%3A%22JCHpY44UORWf1AgT8z20BcqjBBw6P82p%22%3B%7D; SID=et3hsdeb08u22j6aeh67q75so2; _identity=254c203a55431e8644a388679100c78f5b45c0602b9fae84a6326fdb7a28f5f6a%3A2%3A%7Bi%3A0%3Bs%3A9%3A%22_identity%22%3Bi%3A1%3Bs%3A28%3A%22%5B%22101%22%2C%22test101key%22%2C2592000%5D%22%3B%7D'
    'HTTP_CONNECTION' => 'keep-alive'
    'PATH' => '/usr/local/sbin:/usr/local/bin:/usr/sbin:/usr/bin:/sbin:/bin'
    'SERVER_SIGNATURE' => ''
    'SERVER_SOFTWARE' => 'Apache'
    'SERVER_NAME' => 'news'
    'SERVER_ADDR' => '127.0.0.1'
    'SERVER_PORT' => '80'
    'REMOTE_ADDR' => '127.0.0.1'
    'DOCUMENT_ROOT' => '/srv/Sites/news/app/www'
    'REQUEST_SCHEME' => 'http'
    'CONTEXT_PREFIX' => ''
    'CONTEXT_DOCUMENT_ROOT' => '/srv/Sites/news/app/www'
    'SERVER_ADMIN' => 'webmaster@localhost'
    'SCRIPT_FILENAME' => '/srv/Sites/news/app/www/index.php'
    'REMOTE_PORT' => '44120'
    'GATEWAY_INTERFACE' => 'CGI/1.1'
    'SERVER_PROTOCOL' => 'HTTP/1.1'
    'REQUEST_METHOD' => 'GET'
    'QUERY_STRING' => ''
    'REQUEST_URI' => '/index.php'
    'SCRIPT_NAME' => '/index.php'
    'PHP_SELF' => '/index.php'
    'REQUEST_TIME_FLOAT' => 1486119363.492
    'REQUEST_TIME' => 1486119363
]
2017-02-03 11:00:31 [127.0.0.1][-][6bhkn02bsa4i45rub2q3fpcib4][error][yii\web\HttpException:404] exception 'yii\base\InvalidRouteException' with message 'Unable to resolve the request: site/register' in /srv/Sites/news/app/vendor/yiisoft/yii2/base/Controller.php:127
Stack trace:
#0 /srv/Sites/news/app/vendor/yiisoft/yii2/base/Module.php(523): yii\base\Controller->runAction('register', Array)
#1 /srv/Sites/news/app/vendor/yiisoft/yii2/web/Application.php(102): yii\base\Module->runAction('site/register', Array)
#2 /srv/Sites/news/app/vendor/yiisoft/yii2/base/Application.php(380): yii\web\Application->handleRequest(Object(yii\web\Request))
#3 /srv/Sites/news/app/www/index.php(12): yii\base\Application->run()
#4 {main}

Next exception 'yii\web\NotFoundHttpException' with message 'Страница не найдена.' in /srv/Sites/news/app/vendor/yiisoft/yii2/web/Application.php:114
Stack trace:
#0 /srv/Sites/news/app/vendor/yiisoft/yii2/base/Application.php(380): yii\web\Application->handleRequest(Object(yii\web\Request))
#1 /srv/Sites/news/app/www/index.php(12): yii\base\Application->run()
#2 {main}
2017-02-03 11:00:31 [127.0.0.1][-][6bhkn02bsa4i45rub2q3fpcib4][info][application] $_GET = [
    'r' => 'site/register'
]

$_COOKIE = [
    '_csrf' => '5f81910807db01bda02b48c6d2c288090551bea575cf6f49f1dd00b5ff11f98fa:2:{i:0;s:5:\"_csrf\";i:1;s:32:\"JCHpY44UORWf1AgT8z20BcqjBBw6P82p\";}'
    'SID' => '6bhkn02bsa4i45rub2q3fpcib4'
]

$_SESSION = [
    '__flash' => []
]

$_SERVER = [
    'HTTP_HOST' => 'news'
    'HTTP_USER_AGENT' => 'Mozilla/5.0 (X11; Linux i686; rv:45.0) Gecko/20100101 Firefox/45.0'
    'HTTP_ACCEPT' => 'text/html,application/xhtml+xml,application/xml;q=0.9,*/*;q=0.8'
    'HTTP_ACCEPT_LANGUAGE' => 'ru,en;q=0.7,uk;q=0.3'
    'HTTP_ACCEPT_ENCODING' => 'gzip, deflate'
    'HTTP_DNT' => '1'
    'HTTP_REFERER' => 'http://news/index.php'
    'HTTP_COOKIE' => '_csrf=5f81910807db01bda02b48c6d2c288090551bea575cf6f49f1dd00b5ff11f98fa%3A2%3A%7Bi%3A0%3Bs%3A5%3A%22_csrf%22%3Bi%3A1%3Bs%3A32%3A%22JCHpY44UORWf1AgT8z20BcqjBBw6P82p%22%3B%7D; SID=6bhkn02bsa4i45rub2q3fpcib4'
    'HTTP_CONNECTION' => 'keep-alive'
    'PATH' => '/usr/local/sbin:/usr/local/bin:/usr/sbin:/usr/bin:/sbin:/bin'
    'SERVER_SIGNATURE' => ''
    'SERVER_SOFTWARE' => 'Apache'
    'SERVER_NAME' => 'news'
    'SERVER_ADDR' => '127.0.0.1'
    'SERVER_PORT' => '80'
    'REMOTE_ADDR' => '127.0.0.1'
    'DOCUMENT_ROOT' => '/srv/Sites/news/app/www'
    'REQUEST_SCHEME' => 'http'
    'CONTEXT_PREFIX' => ''
    'CONTEXT_DOCUMENT_ROOT' => '/srv/Sites/news/app/www'
    'SERVER_ADMIN' => 'webmaster@localhost'
    'SCRIPT_FILENAME' => '/srv/Sites/news/app/www/index.php'
    'REMOTE_PORT' => '44124'
    'GATEWAY_INTERFACE' => 'CGI/1.1'
    'SERVER_PROTOCOL' => 'HTTP/1.1'
    'REQUEST_METHOD' => 'GET'
    'QUERY_STRING' => 'r=site%2Fregister'
    'REQUEST_URI' => '/index.php?r=site%2Fregister'
    'SCRIPT_NAME' => '/index.php'
    'PHP_SELF' => '/index.php'
    'REQUEST_TIME_FLOAT' => 1486119631.888
    'REQUEST_TIME' => 1486119631
]
2017-02-03 11:08:00 [127.0.0.1][-][-][error][yii\base\ErrorException:64] exception 'yii\base\ErrorException' with message 'Cannot redeclare app\controllers\SiteController::actionIndex()' in /srv/Sites/news/app/controllers/SiteController.php:68
Stack trace:
#0 /srv/Sites/news/app/vendor/yiisoft/yii2/base/Module.php(633): ::spl_autoload_call()
#1 /srv/Sites/news/app/vendor/yiisoft/yii2/base/Module.php(633): ::class_exists()
#2 /srv/Sites/news/app/vendor/yiisoft/yii2/base/Module.php(591): yii\base\Module->createControllerByID()
#3 /srv/Sites/news/app/vendor/yiisoft/yii2/base/Module.php(517): yii\base\Module->createController()
#4 /srv/Sites/news/app/vendor/yiisoft/yii2/web/Application.php(102): yii\base\Module->runAction()
#5 /srv/Sites/news/app/vendor/yiisoft/yii2/base/Application.php(380): yii\web\Application->handleRequest()
#6 /srv/Sites/news/app/www/index.php(12): yii\base\Application->run()
#7 {main}
2017-02-03 11:08:00 [127.0.0.1][-][-][info][application] $_GET = [
    'r' => 'site/login'
]

$_COOKIE = [
    '_csrf' => '5f81910807db01bda02b48c6d2c288090551bea575cf6f49f1dd00b5ff11f98fa:2:{i:0;s:5:\"_csrf\";i:1;s:32:\"JCHpY44UORWf1AgT8z20BcqjBBw6P82p\";}'
    'SID' => '6bhkn02bsa4i45rub2q3fpcib4'
]

$_SERVER = [
    'HTTP_HOST' => 'news'
    'HTTP_USER_AGENT' => 'Mozilla/5.0 (X11; Linux i686; rv:45.0) Gecko/20100101 Firefox/45.0'
    'HTTP_ACCEPT' => 'text/html,application/xhtml+xml,application/xml;q=0.9,*/*;q=0.8'
    'HTTP_ACCEPT_LANGUAGE' => 'ru,en;q=0.7,uk;q=0.3'
    'HTTP_ACCEPT_ENCODING' => 'gzip, deflate'
    'HTTP_DNT' => '1'
    'HTTP_REFERER' => 'http://news/index.php?r=site%2Fregister'
    'HTTP_COOKIE' => '_csrf=5f81910807db01bda02b48c6d2c288090551bea575cf6f49f1dd00b5ff11f98fa%3A2%3A%7Bi%3A0%3Bs%3A5%3A%22_csrf%22%3Bi%3A1%3Bs%3A32%3A%22JCHpY44UORWf1AgT8z20BcqjBBw6P82p%22%3B%7D; SID=6bhkn02bsa4i45rub2q3fpcib4'
    'HTTP_CONNECTION' => 'keep-alive'
    'PATH' => '/usr/local/sbin:/usr/local/bin:/usr/sbin:/usr/bin:/sbin:/bin'
    'SERVER_SIGNATURE' => ''
    'SERVER_SOFTWARE' => 'Apache'
    'SERVER_NAME' => 'news'
    'SERVER_ADDR' => '127.0.0.1'
    'SERVER_PORT' => '80'
    'REMOTE_ADDR' => '127.0.0.1'
    'DOCUMENT_ROOT' => '/srv/Sites/news/app/www'
    'REQUEST_SCHEME' => 'http'
    'CONTEXT_PREFIX' => ''
    'CONTEXT_DOCUMENT_ROOT' => '/srv/Sites/news/app/www'
    'SERVER_ADMIN' => 'webmaster@localhost'
    'SCRIPT_FILENAME' => '/srv/Sites/news/app/www/index.php'
    'REMOTE_PORT' => '44246'
    'GATEWAY_INTERFACE' => 'CGI/1.1'
    'SERVER_PROTOCOL' => 'HTTP/1.1'
    'REQUEST_METHOD' => 'GET'
    'QUERY_STRING' => 'r=site%2Flogin'
    'REQUEST_URI' => '/index.php?r=site%2Flogin'
    'SCRIPT_NAME' => '/index.php'
    'PHP_SELF' => '/index.php'
    'REQUEST_TIME_FLOAT' => 1486120080.317
    'REQUEST_TIME' => 1486120080
]
2017-02-03 11:08:58 [127.0.0.1][-][-][error][yii\base\ViewNotFoundException] exception 'yii\base\ViewNotFoundException' with message 'The view file does not exist: /srv/Sites/news/app/views/site/registration.php' in /srv/Sites/news/app/vendor/yiisoft/yii2/base/View.php:229
Stack trace:
#0 /srv/Sites/news/app/vendor/yiisoft/yii2/base/View.php(152): yii\base\View->renderFile('/srv/Sites/news...', Array, Object(app\controllers\SiteController))
#1 /srv/Sites/news/app/vendor/yiisoft/yii2/base/Controller.php(381): yii\base\View->render('registration', Array, Object(app\controllers\SiteController))
#2 /srv/Sites/news/app/controllers/SiteController.php(69): yii\base\Controller->render('registration')
#3 [internal function]: app\controllers\SiteController->actionRegister()
#4 /srv/Sites/news/app/vendor/yiisoft/yii2/base/InlineAction.php(57): call_user_func_array(Array, Array)
#5 /srv/Sites/news/app/vendor/yiisoft/yii2/base/Controller.php(156): yii\base\InlineAction->runWithParams(Array)
#6 /srv/Sites/news/app/vendor/yiisoft/yii2/base/Module.php(523): yii\base\Controller->runAction('register', Array)
#7 /srv/Sites/news/app/vendor/yiisoft/yii2/web/Application.php(102): yii\base\Module->runAction('site/register', Array)
#8 /srv/Sites/news/app/vendor/yiisoft/yii2/base/Application.php(380): yii\web\Application->handleRequest(Object(yii\web\Request))
#9 /srv/Sites/news/app/www/index.php(12): yii\base\Application->run()
#10 {main}
2017-02-03 11:08:58 [127.0.0.1][-][-][info][application] $_GET = [
    'r' => 'site/register'
]

$_COOKIE = [
    '_csrf' => '5f81910807db01bda02b48c6d2c288090551bea575cf6f49f1dd00b5ff11f98fa:2:{i:0;s:5:\"_csrf\";i:1;s:32:\"JCHpY44UORWf1AgT8z20BcqjBBw6P82p\";}'
    'SID' => '6bhkn02bsa4i45rub2q3fpcib4'
]

$_SERVER = [
    'HTTP_HOST' => 'news'
    'HTTP_USER_AGENT' => 'Mozilla/5.0 (X11; Linux i686; rv:45.0) Gecko/20100101 Firefox/45.0'
    'HTTP_ACCEPT' => 'text/html,application/xhtml+xml,application/xml;q=0.9,*/*;q=0.8'
    'HTTP_ACCEPT_LANGUAGE' => 'ru,en;q=0.7,uk;q=0.3'
    'HTTP_ACCEPT_ENCODING' => 'gzip, deflate'
    'HTTP_DNT' => '1'
    'HTTP_REFERER' => 'http://news/index.php?r=site%2Flogin'
    'HTTP_COOKIE' => '_csrf=5f81910807db01bda02b48c6d2c288090551bea575cf6f49f1dd00b5ff11f98fa%3A2%3A%7Bi%3A0%3Bs%3A5%3A%22_csrf%22%3Bi%3A1%3Bs%3A32%3A%22JCHpY44UORWf1AgT8z20BcqjBBw6P82p%22%3B%7D; SID=6bhkn02bsa4i45rub2q3fpcib4'
    'HTTP_CONNECTION' => 'keep-alive'
    'PATH' => '/usr/local/sbin:/usr/local/bin:/usr/sbin:/usr/bin:/sbin:/bin'
    'SERVER_SIGNATURE' => ''
    'SERVER_SOFTWARE' => 'Apache'
    'SERVER_NAME' => 'news'
    'SERVER_ADDR' => '127.0.0.1'
    'SERVER_PORT' => '80'
    'REMOTE_ADDR' => '127.0.0.1'
    'DOCUMENT_ROOT' => '/srv/Sites/news/app/www'
    'REQUEST_SCHEME' => 'http'
    'CONTEXT_PREFIX' => ''
    'CONTEXT_DOCUMENT_ROOT' => '/srv/Sites/news/app/www'
    'SERVER_ADMIN' => 'webmaster@localhost'
    'SCRIPT_FILENAME' => '/srv/Sites/news/app/www/index.php'
    'REMOTE_PORT' => '44248'
    'GATEWAY_INTERFACE' => 'CGI/1.1'
    'SERVER_PROTOCOL' => 'HTTP/1.1'
    'REQUEST_METHOD' => 'GET'
    'QUERY_STRING' => 'r=site%2Fregister'
    'REQUEST_URI' => '/index.php?r=site%2Fregister'
    'SCRIPT_NAME' => '/index.php'
    'PHP_SELF' => '/index.php'
    'REQUEST_TIME_FLOAT' => 1486120138.438
    'REQUEST_TIME' => 1486120138
]
2017-02-03 11:33:23 [127.0.0.1][-][-][error][yii\base\ErrorException:1] exception 'yii\base\ErrorException' with message 'Class 'Url' not found' in /srv/Sites/news/app/views/site/index.php:13
Stack trace:
#0 /srv/Sites/news/app/vendor/yiisoft/yii2/base/View.php(250): yii\base\View->renderPhpFile()
#1 /srv/Sites/news/app/vendor/yiisoft/yii2/base/View.php(152): yii\base\View->renderFile()
#2 /srv/Sites/news/app/vendor/yiisoft/yii2/base/Controller.php(381): yii\base\View->render()
#3 /srv/Sites/news/app/controllers/SiteController.php(60): yii\base\Controller->render()
#4 /srv/Sites/news/app/vendor/yiisoft/yii2/base/InlineAction.php(57): app\controllers\SiteController->actionIndex()
#5 /srv/Sites/news/app/vendor/yiisoft/yii2/base/InlineAction.php(57): ::call_user_func_array()
#6 /srv/Sites/news/app/vendor/yiisoft/yii2/base/Controller.php(156): yii\base\InlineAction->runWithParams()
#7 /srv/Sites/news/app/vendor/yiisoft/yii2/base/Module.php(523): yii\base\Controller->runAction()
#8 /srv/Sites/news/app/vendor/yiisoft/yii2/web/Application.php(102): yii\base\Module->runAction()
#9 /srv/Sites/news/app/vendor/yiisoft/yii2/base/Application.php(380): yii\web\Application->handleRequest()
#10 /srv/Sites/news/app/www/index.php(12): yii\base\Application->run()
#11 {main}
2017-02-03 11:33:23 [127.0.0.1][-][-][info][application] $_GET = [
    'r' => 'site/index'
]

$_COOKIE = [
    '_csrf' => 'd6496a211588eac48feacbe44c05d4dae1968cba290bffb83fc213628e0f7b1fa:2:{i:0;s:5:\"_csrf\";i:1;s:32:\"FJkvoGX6OXIeFL9DJFUR4yNLf6J8IpdO\";}'
]

$_SERVER = [
    'HTTP_HOST' => 'news'
    'HTTP_USER_AGENT' => 'Mozilla/5.0 (X11; Linux i686; rv:45.0) Gecko/20100101 Firefox/45.0'
    'HTTP_ACCEPT' => 'text/html,application/xhtml+xml,application/xml;q=0.9,*/*;q=0.8'
    'HTTP_ACCEPT_LANGUAGE' => 'ru,en;q=0.7,uk;q=0.3'
    'HTTP_ACCEPT_ENCODING' => 'gzip, deflate'
    'HTTP_DNT' => '1'
    'HTTP_REFERER' => 'http://news/index.php?r=site%2Flogin'
    'HTTP_COOKIE' => '_csrf=d6496a211588eac48feacbe44c05d4dae1968cba290bffb83fc213628e0f7b1fa%3A2%3A%7Bi%3A0%3Bs%3A5%3A%22_csrf%22%3Bi%3A1%3Bs%3A32%3A%22FJkvoGX6OXIeFL9DJFUR4yNLf6J8IpdO%22%3B%7D'
    'HTTP_CONNECTION' => 'keep-alive'
    'HTTP_CACHE_CONTROL' => 'max-age=0'
    'PATH' => '/usr/local/sbin:/usr/local/bin:/usr/sbin:/usr/bin:/sbin:/bin'
    'SERVER_SIGNATURE' => ''
    'SERVER_SOFTWARE' => 'Apache'
    'SERVER_NAME' => 'news'
    'SERVER_ADDR' => '127.0.0.1'
    'SERVER_PORT' => '80'
    'REMOTE_ADDR' => '127.0.0.1'
    'DOCUMENT_ROOT' => '/srv/Sites/news/app/www'
    'REQUEST_SCHEME' => 'http'
    'CONTEXT_PREFIX' => ''
    'CONTEXT_DOCUMENT_ROOT' => '/srv/Sites/news/app/www'
    'SERVER_ADMIN' => 'webmaster@localhost'
    'SCRIPT_FILENAME' => '/srv/Sites/news/app/www/index.php'
    'REMOTE_PORT' => '44554'
    'GATEWAY_INTERFACE' => 'CGI/1.1'
    'SERVER_PROTOCOL' => 'HTTP/1.1'
    'REQUEST_METHOD' => 'GET'
    'QUERY_STRING' => 'r=site%2Findex'
    'REQUEST_URI' => '/index.php?r=site%2Findex'
    'SCRIPT_NAME' => '/index.php'
    'PHP_SELF' => '/index.php'
    'REQUEST_TIME_FLOAT' => 1486121603.257
    'REQUEST_TIME' => 1486121603
]
2017-02-03 11:35:29 [127.0.0.1][-][-][error][yii\base\ErrorException:1] exception 'yii\base\ErrorException' with message 'Class 'Url' not found' in /srv/Sites/news/app/views/site/index.php:13
Stack trace:
#0 /srv/Sites/news/app/vendor/yiisoft/yii2/base/View.php(250): yii\base\View->renderPhpFile()
#1 /srv/Sites/news/app/vendor/yiisoft/yii2/base/View.php(152): yii\base\View->renderFile()
#2 /srv/Sites/news/app/vendor/yiisoft/yii2/base/Controller.php(381): yii\base\View->render()
#3 /srv/Sites/news/app/controllers/SiteController.php(60): yii\base\Controller->render()
#4 /srv/Sites/news/app/vendor/yiisoft/yii2/base/InlineAction.php(57): app\controllers\SiteController->actionIndex()
#5 /srv/Sites/news/app/vendor/yiisoft/yii2/base/InlineAction.php(57): ::call_user_func_array()
#6 /srv/Sites/news/app/vendor/yiisoft/yii2/base/Controller.php(156): yii\base\InlineAction->runWithParams()
#7 /srv/Sites/news/app/vendor/yiisoft/yii2/base/Module.php(523): yii\base\Controller->runAction()
#8 /srv/Sites/news/app/vendor/yiisoft/yii2/web/Application.php(102): yii\base\Module->runAction()
#9 /srv/Sites/news/app/vendor/yiisoft/yii2/base/Application.php(380): yii\web\Application->handleRequest()
#10 /srv/Sites/news/app/www/index.php(12): yii\base\Application->run()
#11 {main}
2017-02-03 11:35:29 [127.0.0.1][-][-][info][application] $_GET = [
    'r' => 'site/index'
]

$_COOKIE = [
    '_csrf' => 'd6496a211588eac48feacbe44c05d4dae1968cba290bffb83fc213628e0f7b1fa:2:{i:0;s:5:\"_csrf\";i:1;s:32:\"FJkvoGX6OXIeFL9DJFUR4yNLf6J8IpdO\";}'
]

$_SERVER = [
    'HTTP_HOST' => 'news'
    'HTTP_USER_AGENT' => 'Mozilla/5.0 (X11; Linux i686; rv:45.0) Gecko/20100101 Firefox/45.0'
    'HTTP_ACCEPT' => 'text/html,application/xhtml+xml,application/xml;q=0.9,*/*;q=0.8'
    'HTTP_ACCEPT_LANGUAGE' => 'ru,en;q=0.7,uk;q=0.3'
    'HTTP_ACCEPT_ENCODING' => 'gzip, deflate'
    'HTTP_DNT' => '1'
    'HTTP_REFERER' => 'http://news/index.php?r=site%2Flogin'
    'HTTP_COOKIE' => '_csrf=d6496a211588eac48feacbe44c05d4dae1968cba290bffb83fc213628e0f7b1fa%3A2%3A%7Bi%3A0%3Bs%3A5%3A%22_csrf%22%3Bi%3A1%3Bs%3A32%3A%22FJkvoGX6OXIeFL9DJFUR4yNLf6J8IpdO%22%3B%7D'
    'HTTP_CONNECTION' => 'keep-alive'
    'HTTP_CACHE_CONTROL' => 'max-age=0'
    'PATH' => '/usr/local/sbin:/usr/local/bin:/usr/sbin:/usr/bin:/sbin:/bin'
    'SERVER_SIGNATURE' => ''
    'SERVER_SOFTWARE' => 'Apache'
    'SERVER_NAME' => 'news'
    'SERVER_ADDR' => '127.0.0.1'
    'SERVER_PORT' => '80'
    'REMOTE_ADDR' => '127.0.0.1'
    'DOCUMENT_ROOT' => '/srv/Sites/news/app/www'
    'REQUEST_SCHEME' => 'http'
    'CONTEXT_PREFIX' => ''
    'CONTEXT_DOCUMENT_ROOT' => '/srv/Sites/news/app/www'
    'SERVER_ADMIN' => 'webmaster@localhost'
    'SCRIPT_FILENAME' => '/srv/Sites/news/app/www/index.php'
    'REMOTE_PORT' => '44624'
    'GATEWAY_INTERFACE' => 'CGI/1.1'
    'SERVER_PROTOCOL' => 'HTTP/1.1'
    'REQUEST_METHOD' => 'GET'
    'QUERY_STRING' => 'r=site%2Findex'
    'REQUEST_URI' => '/index.php?r=site%2Findex'
    'SCRIPT_NAME' => '/index.php'
    'PHP_SELF' => '/index.php'
    'REQUEST_TIME_FLOAT' => 1486121729.644
    'REQUEST_TIME' => 1486121729
]
2017-02-03 11:35:31 [127.0.0.1][-][-][error][yii\base\ErrorException:1] exception 'yii\base\ErrorException' with message 'Class 'Url' not found' in /srv/Sites/news/app/views/site/index.php:13
Stack trace:
#0 /srv/Sites/news/app/vendor/yiisoft/yii2/base/View.php(250): yii\base\View->renderPhpFile()
#1 /srv/Sites/news/app/vendor/yiisoft/yii2/base/View.php(152): yii\base\View->renderFile()
#2 /srv/Sites/news/app/vendor/yiisoft/yii2/base/Controller.php(381): yii\base\View->render()
#3 /srv/Sites/news/app/controllers/SiteController.php(60): yii\base\Controller->render()
#4 /srv/Sites/news/app/vendor/yiisoft/yii2/base/InlineAction.php(57): app\controllers\SiteController->actionIndex()
#5 /srv/Sites/news/app/vendor/yiisoft/yii2/base/InlineAction.php(57): ::call_user_func_array()
#6 /srv/Sites/news/app/vendor/yiisoft/yii2/base/Controller.php(156): yii\base\InlineAction->runWithParams()
#7 /srv/Sites/news/app/vendor/yiisoft/yii2/base/Module.php(523): yii\base\Controller->runAction()
#8 /srv/Sites/news/app/vendor/yiisoft/yii2/web/Application.php(102): yii\base\Module->runAction()
#9 /srv/Sites/news/app/vendor/yiisoft/yii2/base/Application.php(380): yii\web\Application->handleRequest()
#10 /srv/Sites/news/app/www/index.php(12): yii\base\Application->run()
#11 {main}
2017-02-03 11:35:31 [127.0.0.1][-][-][info][application] $_GET = [
    'r' => 'site/index'
]

$_COOKIE = [
    '_csrf' => 'd6496a211588eac48feacbe44c05d4dae1968cba290bffb83fc213628e0f7b1fa:2:{i:0;s:5:\"_csrf\";i:1;s:32:\"FJkvoGX6OXIeFL9DJFUR4yNLf6J8IpdO\";}'
]

$_SERVER = [
    'HTTP_HOST' => 'news'
    'HTTP_USER_AGENT' => 'Mozilla/5.0 (X11; Linux i686; rv:45.0) Gecko/20100101 Firefox/45.0'
    'HTTP_ACCEPT' => 'text/html,application/xhtml+xml,application/xml;q=0.9,*/*;q=0.8'
    'HTTP_ACCEPT_LANGUAGE' => 'ru,en;q=0.7,uk;q=0.3'
    'HTTP_ACCEPT_ENCODING' => 'gzip, deflate'
    'HTTP_DNT' => '1'
    'HTTP_REFERER' => 'http://news/index.php?r=site%2Flogin'
    'HTTP_COOKIE' => '_csrf=d6496a211588eac48feacbe44c05d4dae1968cba290bffb83fc213628e0f7b1fa%3A2%3A%7Bi%3A0%3Bs%3A5%3A%22_csrf%22%3Bi%3A1%3Bs%3A32%3A%22FJkvoGX6OXIeFL9DJFUR4yNLf6J8IpdO%22%3B%7D'
    'HTTP_CONNECTION' => 'keep-alive'
    'HTTP_CACHE_CONTROL' => 'max-age=0'
    'PATH' => '/usr/local/sbin:/usr/local/bin:/usr/sbin:/usr/bin:/sbin:/bin'
    'SERVER_SIGNATURE' => ''
    'SERVER_SOFTWARE' => 'Apache'
    'SERVER_NAME' => 'news'
    'SERVER_ADDR' => '127.0.0.1'
    'SERVER_PORT' => '80'
    'REMOTE_ADDR' => '127.0.0.1'
    'DOCUMENT_ROOT' => '/srv/Sites/news/app/www'
    'REQUEST_SCHEME' => 'http'
    'CONTEXT_PREFIX' => ''
    'CONTEXT_DOCUMENT_ROOT' => '/srv/Sites/news/app/www'
    'SERVER_ADMIN' => 'webmaster@localhost'
    'SCRIPT_FILENAME' => '/srv/Sites/news/app/www/index.php'
    'REMOTE_PORT' => '44626'
    'GATEWAY_INTERFACE' => 'CGI/1.1'
    'SERVER_PROTOCOL' => 'HTTP/1.1'
    'REQUEST_METHOD' => 'GET'
    'QUERY_STRING' => 'r=site%2Findex'
    'REQUEST_URI' => '/index.php?r=site%2Findex'
    'SCRIPT_NAME' => '/index.php'
    'PHP_SELF' => '/index.php'
    'REQUEST_TIME_FLOAT' => 1486121731.358
    'REQUEST_TIME' => 1486121731
]
2017-02-03 11:35:32 [127.0.0.1][-][-][error][yii\base\ErrorException:1] exception 'yii\base\ErrorException' with message 'Class 'Url' not found' in /srv/Sites/news/app/views/site/index.php:13
Stack trace:
#0 /srv/Sites/news/app/vendor/yiisoft/yii2/base/View.php(250): yii\base\View->renderPhpFile()
#1 /srv/Sites/news/app/vendor/yiisoft/yii2/base/View.php(152): yii\base\View->renderFile()
#2 /srv/Sites/news/app/vendor/yiisoft/yii2/base/Controller.php(381): yii\base\View->render()
#3 /srv/Sites/news/app/controllers/SiteController.php(60): yii\base\Controller->render()
#4 /srv/Sites/news/app/vendor/yiisoft/yii2/base/InlineAction.php(57): app\controllers\SiteController->actionIndex()
#5 /srv/Sites/news/app/vendor/yiisoft/yii2/base/InlineAction.php(57): ::call_user_func_array()
#6 /srv/Sites/news/app/vendor/yiisoft/yii2/base/Controller.php(156): yii\base\InlineAction->runWithParams()
#7 /srv/Sites/news/app/vendor/yiisoft/yii2/base/Module.php(523): yii\base\Controller->runAction()
#8 /srv/Sites/news/app/vendor/yiisoft/yii2/web/Application.php(102): yii\base\Module->runAction()
#9 /srv/Sites/news/app/vendor/yiisoft/yii2/base/Application.php(380): yii\web\Application->handleRequest()
#10 /srv/Sites/news/app/www/index.php(12): yii\base\Application->run()
#11 {main}
2017-02-03 11:35:31 [127.0.0.1][-][-][info][application] $_GET = [
    'r' => 'site/index'
]

$_COOKIE = [
    '_csrf' => 'd6496a211588eac48feacbe44c05d4dae1968cba290bffb83fc213628e0f7b1fa:2:{i:0;s:5:\"_csrf\";i:1;s:32:\"FJkvoGX6OXIeFL9DJFUR4yNLf6J8IpdO\";}'
]

$_SERVER = [
    'HTTP_HOST' => 'news'
    'HTTP_USER_AGENT' => 'Mozilla/5.0 (X11; Linux i686; rv:45.0) Gecko/20100101 Firefox/45.0'
    'HTTP_ACCEPT' => 'text/html,application/xhtml+xml,application/xml;q=0.9,*/*;q=0.8'
    'HTTP_ACCEPT_LANGUAGE' => 'ru,en;q=0.7,uk;q=0.3'
    'HTTP_ACCEPT_ENCODING' => 'gzip, deflate'
    'HTTP_DNT' => '1'
    'HTTP_REFERER' => 'http://news/index.php?r=site%2Flogin'
    'HTTP_COOKIE' => '_csrf=d6496a211588eac48feacbe44c05d4dae1968cba290bffb83fc213628e0f7b1fa%3A2%3A%7Bi%3A0%3Bs%3A5%3A%22_csrf%22%3Bi%3A1%3Bs%3A32%3A%22FJkvoGX6OXIeFL9DJFUR4yNLf6J8IpdO%22%3B%7D'
    'HTTP_CONNECTION' => 'keep-alive'
    'HTTP_CACHE_CONTROL' => 'max-age=0'
    'PATH' => '/usr/local/sbin:/usr/local/bin:/usr/sbin:/usr/bin:/sbin:/bin'
    'SERVER_SIGNATURE' => ''
    'SERVER_SOFTWARE' => 'Apache'
    'SERVER_NAME' => 'news'
    'SERVER_ADDR' => '127.0.0.1'
    'SERVER_PORT' => '80'
    'REMOTE_ADDR' => '127.0.0.1'
    'DOCUMENT_ROOT' => '/srv/Sites/news/app/www'
    'REQUEST_SCHEME' => 'http'
    'CONTEXT_PREFIX' => ''
    'CONTEXT_DOCUMENT_ROOT' => '/srv/Sites/news/app/www'
    'SERVER_ADMIN' => 'webmaster@localhost'
    'SCRIPT_FILENAME' => '/srv/Sites/news/app/www/index.php'
    'REMOTE_PORT' => '44630'
    'GATEWAY_INTERFACE' => 'CGI/1.1'
    'SERVER_PROTOCOL' => 'HTTP/1.1'
    'REQUEST_METHOD' => 'GET'
    'QUERY_STRING' => 'r=site%2Findex'
    'REQUEST_URI' => '/index.php?r=site%2Findex'
    'SCRIPT_NAME' => '/index.php'
    'PHP_SELF' => '/index.php'
    'REQUEST_TIME_FLOAT' => 1486121731.933
    'REQUEST_TIME' => 1486121731
]
2017-02-03 11:35:32 [127.0.0.1][-][-][error][yii\base\ErrorException:1] exception 'yii\base\ErrorException' with message 'Class 'Url' not found' in /srv/Sites/news/app/views/site/index.php:13
Stack trace:
#0 /srv/Sites/news/app/vendor/yiisoft/yii2/base/View.php(250): yii\base\View->renderPhpFile()
#1 /srv/Sites/news/app/vendor/yiisoft/yii2/base/View.php(152): yii\base\View->renderFile()
#2 /srv/Sites/news/app/vendor/yiisoft/yii2/base/Controller.php(381): yii\base\View->render()
#3 /srv/Sites/news/app/controllers/SiteController.php(60): yii\base\Controller->render()
#4 /srv/Sites/news/app/vendor/yiisoft/yii2/base/InlineAction.php(57): app\controllers\SiteController->actionIndex()
#5 /srv/Sites/news/app/vendor/yiisoft/yii2/base/InlineAction.php(57): ::call_user_func_array()
#6 /srv/Sites/news/app/vendor/yiisoft/yii2/base/Controller.php(156): yii\base\InlineAction->runWithParams()
#7 /srv/Sites/news/app/vendor/yiisoft/yii2/base/Module.php(523): yii\base\Controller->runAction()
#8 /srv/Sites/news/app/vendor/yiisoft/yii2/web/Application.php(102): yii\base\Module->runAction()
#9 /srv/Sites/news/app/vendor/yiisoft/yii2/base/Application.php(380): yii\web\Application->handleRequest()
#10 /srv/Sites/news/app/www/index.php(12): yii\base\Application->run()
#11 {main}
2017-02-03 11:35:32 [127.0.0.1][-][-][info][application] $_GET = [
    'r' => 'site/index'
]

$_COOKIE = [
    '_csrf' => 'd6496a211588eac48feacbe44c05d4dae1968cba290bffb83fc213628e0f7b1fa:2:{i:0;s:5:\"_csrf\";i:1;s:32:\"FJkvoGX6OXIeFL9DJFUR4yNLf6J8IpdO\";}'
]

$_SERVER = [
    'HTTP_HOST' => 'news'
    'HTTP_USER_AGENT' => 'Mozilla/5.0 (X11; Linux i686; rv:45.0) Gecko/20100101 Firefox/45.0'
    'HTTP_ACCEPT' => 'text/html,application/xhtml+xml,application/xml;q=0.9,*/*;q=0.8'
    'HTTP_ACCEPT_LANGUAGE' => 'ru,en;q=0.7,uk;q=0.3'
    'HTTP_ACCEPT_ENCODING' => 'gzip, deflate'
    'HTTP_DNT' => '1'
    'HTTP_REFERER' => 'http://news/index.php?r=site%2Flogin'
    'HTTP_COOKIE' => '_csrf=d6496a211588eac48feacbe44c05d4dae1968cba290bffb83fc213628e0f7b1fa%3A2%3A%7Bi%3A0%3Bs%3A5%3A%22_csrf%22%3Bi%3A1%3Bs%3A32%3A%22FJkvoGX6OXIeFL9DJFUR4yNLf6J8IpdO%22%3B%7D'
    'HTTP_CONNECTION' => 'keep-alive'
    'HTTP_CACHE_CONTROL' => 'max-age=0'
    'PATH' => '/usr/local/sbin:/usr/local/bin:/usr/sbin:/usr/bin:/sbin:/bin'
    'SERVER_SIGNATURE' => ''
    'SERVER_SOFTWARE' => 'Apache'
    'SERVER_NAME' => 'news'
    'SERVER_ADDR' => '127.0.0.1'
    'SERVER_PORT' => '80'
    'REMOTE_ADDR' => '127.0.0.1'
    'DOCUMENT_ROOT' => '/srv/Sites/news/app/www'
    'REQUEST_SCHEME' => 'http'
    'CONTEXT_PREFIX' => ''
    'CONTEXT_DOCUMENT_ROOT' => '/srv/Sites/news/app/www'
    'SERVER_ADMIN' => 'webmaster@localhost'
    'SCRIPT_FILENAME' => '/srv/Sites/news/app/www/index.php'
    'REMOTE_PORT' => '44628'
    'GATEWAY_INTERFACE' => 'CGI/1.1'
    'SERVER_PROTOCOL' => 'HTTP/1.1'
    'REQUEST_METHOD' => 'GET'
    'QUERY_STRING' => 'r=site%2Findex'
    'REQUEST_URI' => '/index.php?r=site%2Findex'
    'SCRIPT_NAME' => '/index.php'
    'PHP_SELF' => '/index.php'
    'REQUEST_TIME_FLOAT' => 1486121731.737
    'REQUEST_TIME' => 1486121731
]
2017-02-03 11:36:06 [127.0.0.1][-][-][error][yii\base\ErrorException:1] exception 'yii\base\ErrorException' with message 'Class 'Url' not found' in /srv/Sites/news/app/views/site/index.php:13
Stack trace:
#0 /srv/Sites/news/app/vendor/yiisoft/yii2/base/View.php(250): yii\base\View->renderPhpFile()
#1 /srv/Sites/news/app/vendor/yiisoft/yii2/base/View.php(152): yii\base\View->renderFile()
#2 /srv/Sites/news/app/vendor/yiisoft/yii2/base/Controller.php(381): yii\base\View->render()
#3 /srv/Sites/news/app/controllers/SiteController.php(60): yii\base\Controller->render()
#4 /srv/Sites/news/app/vendor/yiisoft/yii2/base/InlineAction.php(57): app\controllers\SiteController->actionIndex()
#5 /srv/Sites/news/app/vendor/yiisoft/yii2/base/InlineAction.php(57): ::call_user_func_array()
#6 /srv/Sites/news/app/vendor/yiisoft/yii2/base/Controller.php(156): yii\base\InlineAction->runWithParams()
#7 /srv/Sites/news/app/vendor/yiisoft/yii2/base/Module.php(523): yii\base\Controller->runAction()
#8 /srv/Sites/news/app/vendor/yiisoft/yii2/web/Application.php(102): yii\base\Module->runAction()
#9 /srv/Sites/news/app/vendor/yiisoft/yii2/base/Application.php(380): yii\web\Application->handleRequest()
#10 /srv/Sites/news/app/www/index.php(12): yii\base\Application->run()
#11 {main}
2017-02-03 11:36:06 [127.0.0.1][-][-][info][application] $_GET = [
    'r' => 'site/index'
]

$_COOKIE = [
    '_csrf' => 'd6496a211588eac48feacbe44c05d4dae1968cba290bffb83fc213628e0f7b1fa:2:{i:0;s:5:\"_csrf\";i:1;s:32:\"FJkvoGX6OXIeFL9DJFUR4yNLf6J8IpdO\";}'
]

$_SERVER = [
    'HTTP_HOST' => 'news'
    'HTTP_USER_AGENT' => 'Mozilla/5.0 (X11; Linux i686; rv:45.0) Gecko/20100101 Firefox/45.0'
    'HTTP_ACCEPT' => 'text/html,application/xhtml+xml,application/xml;q=0.9,*/*;q=0.8'
    'HTTP_ACCEPT_LANGUAGE' => 'ru,en;q=0.7,uk;q=0.3'
    'HTTP_ACCEPT_ENCODING' => 'gzip, deflate'
    'HTTP_DNT' => '1'
    'HTTP_REFERER' => 'http://news/index.php?r=site%2Flogin'
    'HTTP_COOKIE' => '_csrf=d6496a211588eac48feacbe44c05d4dae1968cba290bffb83fc213628e0f7b1fa%3A2%3A%7Bi%3A0%3Bs%3A5%3A%22_csrf%22%3Bi%3A1%3Bs%3A32%3A%22FJkvoGX6OXIeFL9DJFUR4yNLf6J8IpdO%22%3B%7D'
    'HTTP_CONNECTION' => 'keep-alive'
    'HTTP_CACHE_CONTROL' => 'max-age=0'
    'PATH' => '/usr/local/sbin:/usr/local/bin:/usr/sbin:/usr/bin:/sbin:/bin'
    'SERVER_SIGNATURE' => ''
    'SERVER_SOFTWARE' => 'Apache'
    'SERVER_NAME' => 'news'
    'SERVER_ADDR' => '127.0.0.1'
    'SERVER_PORT' => '80'
    'REMOTE_ADDR' => '127.0.0.1'
    'DOCUMENT_ROOT' => '/srv/Sites/news/app/www'
    'REQUEST_SCHEME' => 'http'
    'CONTEXT_PREFIX' => ''
    'CONTEXT_DOCUMENT_ROOT' => '/srv/Sites/news/app/www'
    'SERVER_ADMIN' => 'webmaster@localhost'
    'SCRIPT_FILENAME' => '/srv/Sites/news/app/www/index.php'
    'REMOTE_PORT' => '44636'
    'GATEWAY_INTERFACE' => 'CGI/1.1'
    'SERVER_PROTOCOL' => 'HTTP/1.1'
    'REQUEST_METHOD' => 'GET'
    'QUERY_STRING' => 'r=site%2Findex'
    'REQUEST_URI' => '/index.php?r=site%2Findex'
    'SCRIPT_NAME' => '/index.php'
    'PHP_SELF' => '/index.php'
    'REQUEST_TIME_FLOAT' => 1486121766.177
    'REQUEST_TIME' => 1486121766
]
2017-02-03 11:36:09 [127.0.0.1][-][-][error][yii\base\ErrorException:1] exception 'yii\base\ErrorException' with message 'Class 'Url' not found' in /srv/Sites/news/app/views/site/index.php:13
Stack trace:
#0 /srv/Sites/news/app/vendor/yiisoft/yii2/base/View.php(250): yii\base\View->renderPhpFile()
#1 /srv/Sites/news/app/vendor/yiisoft/yii2/base/View.php(152): yii\base\View->renderFile()
#2 /srv/Sites/news/app/vendor/yiisoft/yii2/base/Controller.php(381): yii\base\View->render()
#3 /srv/Sites/news/app/controllers/SiteController.php(60): yii\base\Controller->render()
#4 /srv/Sites/news/app/vendor/yiisoft/yii2/base/InlineAction.php(57): app\controllers\SiteController->actionIndex()
#5 /srv/Sites/news/app/vendor/yiisoft/yii2/base/InlineAction.php(57): ::call_user_func_array()
#6 /srv/Sites/news/app/vendor/yiisoft/yii2/base/Controller.php(156): yii\base\InlineAction->runWithParams()
#7 /srv/Sites/news/app/vendor/yiisoft/yii2/base/Module.php(523): yii\base\Controller->runAction()
#8 /srv/Sites/news/app/vendor/yiisoft/yii2/web/Application.php(102): yii\base\Module->runAction()
#9 /srv/Sites/news/app/vendor/yiisoft/yii2/base/Application.php(380): yii\web\Application->handleRequest()
#10 /srv/Sites/news/app/www/index.php(12): yii\base\Application->run()
#11 {main}
2017-02-03 11:36:09 [127.0.0.1][-][-][info][application] $_GET = [
    'r' => 'site/index'
]

$_COOKIE = [
    '_csrf' => 'd6496a211588eac48feacbe44c05d4dae1968cba290bffb83fc213628e0f7b1fa:2:{i:0;s:5:\"_csrf\";i:1;s:32:\"FJkvoGX6OXIeFL9DJFUR4yNLf6J8IpdO\";}'
]

$_SERVER = [
    'HTTP_HOST' => 'news'
    'HTTP_USER_AGENT' => 'Mozilla/5.0 (X11; Linux i686; rv:45.0) Gecko/20100101 Firefox/45.0'
    'HTTP_ACCEPT' => 'text/html,application/xhtml+xml,application/xml;q=0.9,*/*;q=0.8'
    'HTTP_ACCEPT_LANGUAGE' => 'ru,en;q=0.7,uk;q=0.3'
    'HTTP_ACCEPT_ENCODING' => 'gzip, deflate'
    'HTTP_DNT' => '1'
    'HTTP_COOKIE' => '_csrf=d6496a211588eac48feacbe44c05d4dae1968cba290bffb83fc213628e0f7b1fa%3A2%3A%7Bi%3A0%3Bs%3A5%3A%22_csrf%22%3Bi%3A1%3Bs%3A32%3A%22FJkvoGX6OXIeFL9DJFUR4yNLf6J8IpdO%22%3B%7D'
    'HTTP_CONNECTION' => 'keep-alive'
    'PATH' => '/usr/local/sbin:/usr/local/bin:/usr/sbin:/usr/bin:/sbin:/bin'
    'SERVER_SIGNATURE' => ''
    'SERVER_SOFTWARE' => 'Apache'
    'SERVER_NAME' => 'news'
    'SERVER_ADDR' => '127.0.0.1'
    'SERVER_PORT' => '80'
    'REMOTE_ADDR' => '127.0.0.1'
    'DOCUMENT_ROOT' => '/srv/Sites/news/app/www'
    'REQUEST_SCHEME' => 'http'
    'CONTEXT_PREFIX' => ''
    'CONTEXT_DOCUMENT_ROOT' => '/srv/Sites/news/app/www'
    'SERVER_ADMIN' => 'webmaster@localhost'
    'SCRIPT_FILENAME' => '/srv/Sites/news/app/www/index.php'
    'REMOTE_PORT' => '44638'
    'GATEWAY_INTERFACE' => 'CGI/1.1'
    'SERVER_PROTOCOL' => 'HTTP/1.1'
    'REQUEST_METHOD' => 'GET'
    'QUERY_STRING' => 'r=site%2Findex'
    'REQUEST_URI' => '/index.php?r=site%2Findex'
    'SCRIPT_NAME' => '/index.php'
    'PHP_SELF' => '/index.php'
    'REQUEST_TIME_FLOAT' => 1486121769.593
    'REQUEST_TIME' => 1486121769
]
2017-02-03 11:43:12 [127.0.0.1][-][-][error][yii\base\ErrorException:1] exception 'yii\base\ErrorException' with message 'Class 'Yii\helpers\Url' not found' in /srv/Sites/news/app/views/site/index.php:15
Stack trace:
#0 /srv/Sites/news/app/vendor/yiisoft/yii2/base/View.php(250): yii\base\View->renderPhpFile()
#1 /srv/Sites/news/app/vendor/yiisoft/yii2/base/View.php(152): yii\base\View->renderFile()
#2 /srv/Sites/news/app/vendor/yiisoft/yii2/base/Controller.php(381): yii\base\View->render()
#3 /srv/Sites/news/app/controllers/SiteController.php(60): yii\base\Controller->render()
#4 /srv/Sites/news/app/vendor/yiisoft/yii2/base/InlineAction.php(57): app\controllers\SiteController->actionIndex()
#5 /srv/Sites/news/app/vendor/yiisoft/yii2/base/InlineAction.php(57): ::call_user_func_array()
#6 /srv/Sites/news/app/vendor/yiisoft/yii2/base/Controller.php(156): yii\base\InlineAction->runWithParams()
#7 /srv/Sites/news/app/vendor/yiisoft/yii2/base/Module.php(523): yii\base\Controller->runAction()
#8 /srv/Sites/news/app/vendor/yiisoft/yii2/web/Application.php(102): yii\base\Module->runAction()
#9 /srv/Sites/news/app/vendor/yiisoft/yii2/base/Application.php(380): yii\web\Application->handleRequest()
#10 /srv/Sites/news/app/www/index.php(12): yii\base\Application->run()
#11 {main}
2017-02-03 11:43:11 [127.0.0.1][-][-][info][application] $_COOKIE = [
    '_csrf' => 'd6496a211588eac48feacbe44c05d4dae1968cba290bffb83fc213628e0f7b1fa:2:{i:0;s:5:\"_csrf\";i:1;s:32:\"FJkvoGX6OXIeFL9DJFUR4yNLf6J8IpdO\";}'
]

$_SERVER = [
    'HTTP_HOST' => 'news'
    'HTTP_USER_AGENT' => 'Mozilla/5.0 (X11; Linux i686; rv:45.0) Gecko/20100101 Firefox/45.0'
    'HTTP_ACCEPT' => 'text/html,application/xhtml+xml,application/xml;q=0.9,*/*;q=0.8'
    'HTTP_ACCEPT_LANGUAGE' => 'ru,en;q=0.7,uk;q=0.3'
    'HTTP_ACCEPT_ENCODING' => 'gzip, deflate'
    'HTTP_DNT' => '1'
    'HTTP_REFERER' => 'http://news/index.php?r=site%2Fregister'
    'HTTP_COOKIE' => '_csrf=d6496a211588eac48feacbe44c05d4dae1968cba290bffb83fc213628e0f7b1fa%3A2%3A%7Bi%3A0%3Bs%3A5%3A%22_csrf%22%3Bi%3A1%3Bs%3A32%3A%22FJkvoGX6OXIeFL9DJFUR4yNLf6J8IpdO%22%3B%7D'
    'HTTP_CONNECTION' => 'keep-alive'
    'PATH' => '/usr/local/sbin:/usr/local/bin:/usr/sbin:/usr/bin:/sbin:/bin'
    'SERVER_SIGNATURE' => ''
    'SERVER_SOFTWARE' => 'Apache'
    'SERVER_NAME' => 'news'
    'SERVER_ADDR' => '127.0.0.1'
    'SERVER_PORT' => '80'
    'REMOTE_ADDR' => '127.0.0.1'
    'DOCUMENT_ROOT' => '/srv/Sites/news/app/www'
    'REQUEST_SCHEME' => 'http'
    'CONTEXT_PREFIX' => ''
    'CONTEXT_DOCUMENT_ROOT' => '/srv/Sites/news/app/www'
    'SERVER_ADMIN' => 'webmaster@localhost'
    'SCRIPT_FILENAME' => '/srv/Sites/news/app/www/index.php'
    'REMOTE_PORT' => '44704'
    'GATEWAY_INTERFACE' => 'CGI/1.1'
    'SERVER_PROTOCOL' => 'HTTP/1.1'
    'REQUEST_METHOD' => 'GET'
    'QUERY_STRING' => ''
    'REQUEST_URI' => '/index.php'
    'SCRIPT_NAME' => '/index.php'
    'PHP_SELF' => '/index.php'
    'REQUEST_TIME_FLOAT' => 1486122191.945
    'REQUEST_TIME' => 1486122191
]
